<?xml version="1.0" encoding="UTF-8"?>
<!-- Generated by org.testng.reporters.JUnitReportReporter -->
<testsuite hostname="Juis-MacBook-Pro.local" failures="0" tests="1" name="test.DynamicTableTest" time="1.743" errors="0" timestamp="2024-02-27T22:22:05 IST" skipped="0">
  <testcase classname="test.DynamicTableTest" name="testDynamicTable" time="1.743"/>
</testsuite> <!-- test.DynamicTableTest -->
