<?xml version="1.0" encoding="UTF-8"?>
<!-- Generated by org.testng.reporters.JUnitReportReporter -->
<testsuite hostname="Juis-MacBook-Pro.local" failures="0" tests="1" name="practicePOM.DynamicTableTest" time="1.434" errors="0" timestamp="2024-02-27T22:07:33 IST" skipped="0">
  <testcase classname="practicePOM.DynamicTableTest" name="testDynamicTable" time="1.434"/>
</testsuite> <!-- practicePOM.DynamicTableTest -->
